d:\sourcesdk\matrix_engine\pathos\sources\codesrc\utils\hlvis\release_x64\hlvis.bsc
d:\sourcesdk\matrix_engine\pathos\sources\codesrc\utils\hlvis\release_x64\vc143.pdb
d:\sourcesdk\matrix_engine\pathos\sources\codesrc\utils\hlvis\release_x64\blockmem.sbr
d:\sourcesdk\matrix_engine\pathos\sources\codesrc\utils\hlvis\release_x64\bspfile.sbr
d:\sourcesdk\matrix_engine\pathos\sources\codesrc\utils\hlvis\release_x64\cmdlib.sbr
d:\sourcesdk\matrix_engine\pathos\sources\codesrc\utils\hlvis\release_x64\cmdlinecfg.sbr
d:\sourcesdk\matrix_engine\pathos\sources\codesrc\utils\hlvis\release_x64\filelib.sbr
d:\sourcesdk\matrix_engine\pathos\sources\codesrc\utils\hlvis\release_x64\log.sbr
d:\sourcesdk\matrix_engine\pathos\sources\codesrc\utils\hlvis\release_x64\mathlib.sbr
d:\sourcesdk\matrix_engine\pathos\sources\codesrc\utils\hlvis\release_x64\messages.sbr
d:\sourcesdk\matrix_engine\pathos\sources\codesrc\utils\hlvis\release_x64\scriplib.sbr
d:\sourcesdk\matrix_engine\pathos\sources\codesrc\utils\hlvis\release_x64\threads.sbr
d:\sourcesdk\matrix_engine\pathos\sources\codesrc\utils\hlvis\release_x64\winding.sbr
d:\sourcesdk\matrix_engine\pathos\sources\codesrc\utils\hlvis\release_x64\flow.sbr
d:\sourcesdk\matrix_engine\pathos\sources\codesrc\utils\hlvis\release_x64\vis.sbr
d:\sourcesdk\matrix_engine\pathos\sources\codesrc\utils\hlvis\release_x64\zones.sbr
d:\sourcesdk\matrix_engine\pathos\sources\codesrc\utils\hlvis\release_x64\zones.obj
d:\sourcesdk\matrix_engine\pathos\sources\codesrc\utils\hlvis\release_x64\vis.obj
d:\sourcesdk\matrix_engine\pathos\sources\codesrc\utils\hlvis\release_x64\flow.obj
d:\sourcesdk\matrix_engine\pathos\sources\codesrc\utils\hlvis\release_x64\winding.obj
d:\sourcesdk\matrix_engine\pathos\sources\codesrc\utils\hlvis\release_x64\threads.obj
d:\sourcesdk\matrix_engine\pathos\sources\codesrc\utils\hlvis\release_x64\scriplib.obj
d:\sourcesdk\matrix_engine\pathos\sources\codesrc\utils\hlvis\release_x64\messages.obj
d:\sourcesdk\matrix_engine\pathos\sources\codesrc\utils\hlvis\release_x64\mathlib.obj
d:\sourcesdk\matrix_engine\pathos\sources\codesrc\utils\hlvis\release_x64\log.obj
d:\sourcesdk\matrix_engine\pathos\sources\codesrc\utils\hlvis\release_x64\filelib.obj
d:\sourcesdk\matrix_engine\pathos\sources\codesrc\utils\hlvis\release_x64\cmdlinecfg.obj
d:\sourcesdk\matrix_engine\pathos\sources\codesrc\utils\hlvis\release_x64\cmdlib.obj
d:\sourcesdk\matrix_engine\pathos\sources\codesrc\utils\hlvis\release_x64\bspfile.obj
d:\sourcesdk\matrix_engine\pathos\sources\codesrc\utils\hlvis\release_x64\blockmem.obj
d:\sourcesdk\matrix_engine\pathos\sources\codesrc\utils\hlvis\release_x64\hlvis.exe
d:\sourcesdk\matrix_engine\pathos\sources\codesrc\utils\hlvis\release_x64\hlvis.pdb
d:\sourcesdk\matrix_engine\pathos\sources\codesrc\utils\hlvis\release_x64\hlvis.tlog\bscmake.command.1.tlog
d:\sourcesdk\matrix_engine\pathos\sources\codesrc\utils\hlvis\release_x64\hlvis.tlog\bscmake.read.1.tlog
d:\sourcesdk\matrix_engine\pathos\sources\codesrc\utils\hlvis\release_x64\hlvis.tlog\bscmake.write.1.tlog
d:\sourcesdk\matrix_engine\pathos\sources\codesrc\utils\hlvis\release_x64\hlvis.tlog\cl.command.1.tlog
d:\sourcesdk\matrix_engine\pathos\sources\codesrc\utils\hlvis\release_x64\hlvis.tlog\cl.items.tlog
d:\sourcesdk\matrix_engine\pathos\sources\codesrc\utils\hlvis\release_x64\hlvis.tlog\cl.read.1.tlog
d:\sourcesdk\matrix_engine\pathos\sources\codesrc\utils\hlvis\release_x64\hlvis.tlog\cl.write.1.tlog
d:\sourcesdk\matrix_engine\pathos\sources\codesrc\utils\hlvis\release_x64\hlvis.tlog\link.command.1.tlog
d:\sourcesdk\matrix_engine\pathos\sources\codesrc\utils\hlvis\release_x64\hlvis.tlog\link.read.1.tlog
d:\sourcesdk\matrix_engine\pathos\sources\codesrc\utils\hlvis\release_x64\hlvis.tlog\link.secondary.1.tlog
d:\sourcesdk\matrix_engine\pathos\sources\codesrc\utils\hlvis\release_x64\hlvis.tlog\link.write.1.tlog
