  blockmem.cpp
  bspfile.cpp
  cmdlib.cpp
D:\sourcesdk\Matrix_Engine\pathos\sources\codesrc\utils\common\cmdlib.cpp(212,13): warning C4267: 'initializing': conversion from 'size_t' to 'int', possible loss of data
D:\sourcesdk\Matrix_Engine\pathos\sources\codesrc\utils\common\cmdlib.cpp(224,13): warning C4267: 'initializing': conversion from 'size_t' to 'int', possible loss of data
D:\sourcesdk\Matrix_Engine\pathos\sources\codesrc\utils\common\cmdlib.cpp(238,14): warning C4267: 'initializing': conversion from 'size_t' to 'int', possible loss of data
  cmdlinecfg.cpp
  filelib.cpp
  log.cpp
  mathlib.cpp
  messages.cpp
  scriplib.cpp
  threads.cpp
D:\sourcesdk\Matrix_Engine\pathos\sources\codesrc\utils\common\threads.cpp(302,13): warning C4311: 'type cast': pointer truncation from 'LPVOID' to 'int'
D:\sourcesdk\Matrix_Engine\pathos\sources\codesrc\utils\common\threads.cpp(302,13): warning C4302: 'type cast': truncation from 'LPVOID' to 'int'
D:\sourcesdk\Matrix_Engine\pathos\sources\codesrc\utils\common\threads.cpp(352,48): warning C4312: 'type cast': conversion from 'int' to 'LPVOID' of greater size
  winding.cpp
  flow.cpp
D:\sourcesdk\Matrix_Engine\pathos\sources\codesrc\utils\hlvis\flow.cpp(154,21): warning C4018: '>=': signed/unsigned mismatch
D:\sourcesdk\Matrix_Engine\pathos\sources\codesrc\utils\hlvis\flow.cpp(249,22): warning C4018: '<': signed/unsigned mismatch
D:\sourcesdk\Matrix_Engine\pathos\sources\codesrc\utils\hlvis\flow.cpp(274,27): warning C4018: '<': signed/unsigned mismatch
D:\sourcesdk\Matrix_Engine\pathos\sources\codesrc\utils\hlvis\flow.cpp(459,35): warning C4018: '<': signed/unsigned mismatch
D:\sourcesdk\Matrix_Engine\pathos\sources\codesrc\utils\hlvis\flow.cpp(469,35): warning C4018: '<': signed/unsigned mismatch
D:\sourcesdk\Matrix_Engine\pathos\sources\codesrc\utils\hlvis\flow.cpp(541,27): warning C4018: '<': signed/unsigned mismatch
D:\sourcesdk\Matrix_Engine\pathos\sources\codesrc\utils\hlvis\flow.cpp(1032,38): warning C4018: '<': signed/unsigned mismatch
D:\sourcesdk\Matrix_Engine\pathos\sources\codesrc\utils\hlvis\flow.cpp(1043,19): warning C4018: '<': signed/unsigned mismatch
D:\sourcesdk\Matrix_Engine\pathos\sources\codesrc\utils\hlvis\flow.cpp(1050,19): warning C4018: '<': signed/unsigned mismatch
D:\sourcesdk\Matrix_Engine\pathos\sources\codesrc\utils\hlvis\flow.cpp(1076,20): warning C4018: '<': signed/unsigned mismatch
D:\sourcesdk\Matrix_Engine\pathos\sources\codesrc\utils\hlvis\flow.cpp(1094,20): warning C4018: '<': signed/unsigned mismatch
D:\sourcesdk\Matrix_Engine\pathos\sources\codesrc\utils\hlvis\flow.cpp(1122,19): warning C4018: '<': signed/unsigned mismatch
D:\sourcesdk\Matrix_Engine\pathos\sources\codesrc\utils\hlvis\flow.cpp(1124,20): warning C4018: '<': signed/unsigned mismatch
D:\sourcesdk\Matrix_Engine\pathos\sources\codesrc\utils\hlvis\flow.cpp(1145,18): warning C4018: '<': signed/unsigned mismatch
D:\sourcesdk\Matrix_Engine\pathos\sources\codesrc\utils\hlvis\flow.cpp(1149,18): warning C4018: '<': signed/unsigned mismatch
D:\sourcesdk\Matrix_Engine\pathos\sources\codesrc\utils\hlvis\flow.cpp(1016,8): warning C4101: 'new_dist': unreferenced local variable
D:\sourcesdk\Matrix_Engine\pathos\sources\codesrc\utils\hlvis\flow.cpp(1014,9): warning C4101: 'delta': unreferenced local variable
D:\sourcesdk\Matrix_Engine\pathos\sources\codesrc\utils\hlvis\flow.cpp(1010,12): warning C4101: 'c': unreferenced local variable
D:\sourcesdk\Matrix_Engine\pathos\sources\codesrc\utils\hlvis\flow.cpp(1010,15): warning C4101: 'd': unreferenced local variable
  vis.cpp
D:\sourcesdk\Matrix_Engine\pathos\sources\codesrc\utils\hlvis\vis.cpp(344,33): warning C4018: '<': signed/unsigned mismatch
D:\sourcesdk\Matrix_Engine\pathos\sources\codesrc\utils\hlvis\vis.cpp(600,17): warning C4018: '<': signed/unsigned mismatch
D:\sourcesdk\Matrix_Engine\pathos\sources\codesrc\utils\hlvis\vis.cpp(622,16): warning C4018: '<': signed/unsigned mismatch
D:\sourcesdk\Matrix_Engine\pathos\sources\codesrc\utils\hlvis\vis.cpp(905,16): warning C4018: '<': signed/unsigned mismatch
D:\sourcesdk\Matrix_Engine\pathos\sources\codesrc\utils\hlvis\vis.cpp(922,16): warning C4018: '<': signed/unsigned mismatch
  zones.cpp
D:\sourcesdk\Matrix_Engine\pathos\sources\codesrc\utils\hlvis\zones.cpp(81,16): warning C4018: '<': signed/unsigned mismatch
D:\sourcesdk\Matrix_Engine\pathos\sources\codesrc\utils\hlvis\zones.cpp(106,16): warning C4018: '<': signed/unsigned mismatch
D:\sourcesdk\Matrix_Engine\pathos\sources\codesrc\utils\hlvis\zones.cpp(133,31): warning C4018: '<': signed/unsigned mismatch
  blockmem.obj : MSIL .netmodule or module compiled with /GL found; restarting link with /LTCG; add /LTCG to the link command line to improve linker performance
  Generating code
  Finished generating code
  hlvis.vcxproj -> D:\sourcesdk\Matrix_Engine\pathos\sources\codesrc\utils\hlvis\Release_x64\hlvis.exe
