d:\sourcesdk\matrix_engine\pathos\sources\codesrc\utils\hlcsg\release_x64\hlcsg.bsc
d:\sourcesdk\matrix_engine\pathos\sources\codesrc\utils\hlcsg\release_x64\vc143.pdb
d:\sourcesdk\matrix_engine\pathos\sources\codesrc\utils\hlcsg\release_x64\blockmem.sbr
d:\sourcesdk\matrix_engine\pathos\sources\codesrc\utils\hlcsg\release_x64\bspfile.sbr
d:\sourcesdk\matrix_engine\pathos\sources\codesrc\utils\hlcsg\release_x64\cmdlib.sbr
d:\sourcesdk\matrix_engine\pathos\sources\codesrc\utils\hlcsg\release_x64\cmdlinecfg.sbr
d:\sourcesdk\matrix_engine\pathos\sources\codesrc\utils\hlcsg\release_x64\filelib.sbr
d:\sourcesdk\matrix_engine\pathos\sources\codesrc\utils\hlcsg\release_x64\log.sbr
d:\sourcesdk\matrix_engine\pathos\sources\codesrc\utils\hlcsg\release_x64\mathlib.sbr
d:\sourcesdk\matrix_engine\pathos\sources\codesrc\utils\hlcsg\release_x64\messages.sbr
d:\sourcesdk\matrix_engine\pathos\sources\codesrc\utils\hlcsg\release_x64\scriplib.sbr
d:\sourcesdk\matrix_engine\pathos\sources\codesrc\utils\hlcsg\release_x64\threads.sbr
d:\sourcesdk\matrix_engine\pathos\sources\codesrc\utils\hlcsg\release_x64\winding.sbr
d:\sourcesdk\matrix_engine\pathos\sources\codesrc\utils\hlcsg\release_x64\ansitoutf8.sbr
d:\sourcesdk\matrix_engine\pathos\sources\codesrc\utils\hlcsg\release_x64\autowad.sbr
d:\sourcesdk\matrix_engine\pathos\sources\codesrc\utils\hlcsg\release_x64\brush.sbr
d:\sourcesdk\matrix_engine\pathos\sources\codesrc\utils\hlcsg\release_x64\brushunion.sbr
d:\sourcesdk\matrix_engine\pathos\sources\codesrc\utils\hlcsg\release_x64\hullfile.sbr
d:\sourcesdk\matrix_engine\pathos\sources\codesrc\utils\hlcsg\release_x64\map.sbr
d:\sourcesdk\matrix_engine\pathos\sources\codesrc\utils\hlcsg\release_x64\properties.sbr
d:\sourcesdk\matrix_engine\pathos\sources\codesrc\utils\hlcsg\release_x64\qcsg.sbr
d:\sourcesdk\matrix_engine\pathos\sources\codesrc\utils\hlcsg\release_x64\textures.sbr
d:\sourcesdk\matrix_engine\pathos\sources\codesrc\utils\hlcsg\release_x64\textures.obj
d:\sourcesdk\matrix_engine\pathos\sources\codesrc\utils\hlcsg\release_x64\qcsg.obj
d:\sourcesdk\matrix_engine\pathos\sources\codesrc\utils\hlcsg\release_x64\properties.obj
d:\sourcesdk\matrix_engine\pathos\sources\codesrc\utils\hlcsg\release_x64\map.obj
d:\sourcesdk\matrix_engine\pathos\sources\codesrc\utils\hlcsg\release_x64\hullfile.obj
d:\sourcesdk\matrix_engine\pathos\sources\codesrc\utils\hlcsg\release_x64\brushunion.obj
d:\sourcesdk\matrix_engine\pathos\sources\codesrc\utils\hlcsg\release_x64\brush.obj
d:\sourcesdk\matrix_engine\pathos\sources\codesrc\utils\hlcsg\release_x64\autowad.obj
d:\sourcesdk\matrix_engine\pathos\sources\codesrc\utils\hlcsg\release_x64\ansitoutf8.obj
d:\sourcesdk\matrix_engine\pathos\sources\codesrc\utils\hlcsg\release_x64\winding.obj
d:\sourcesdk\matrix_engine\pathos\sources\codesrc\utils\hlcsg\release_x64\threads.obj
d:\sourcesdk\matrix_engine\pathos\sources\codesrc\utils\hlcsg\release_x64\scriplib.obj
d:\sourcesdk\matrix_engine\pathos\sources\codesrc\utils\hlcsg\release_x64\messages.obj
d:\sourcesdk\matrix_engine\pathos\sources\codesrc\utils\hlcsg\release_x64\mathlib.obj
d:\sourcesdk\matrix_engine\pathos\sources\codesrc\utils\hlcsg\release_x64\log.obj
d:\sourcesdk\matrix_engine\pathos\sources\codesrc\utils\hlcsg\release_x64\filelib.obj
d:\sourcesdk\matrix_engine\pathos\sources\codesrc\utils\hlcsg\release_x64\cmdlinecfg.obj
d:\sourcesdk\matrix_engine\pathos\sources\codesrc\utils\hlcsg\release_x64\cmdlib.obj
d:\sourcesdk\matrix_engine\pathos\sources\codesrc\utils\hlcsg\release_x64\bspfile.obj
d:\sourcesdk\matrix_engine\pathos\sources\codesrc\utils\hlcsg\release_x64\blockmem.obj
d:\sourcesdk\matrix_engine\pathos\sources\codesrc\utils\hlcsg\release_x64\wadcfg.sbr
d:\sourcesdk\matrix_engine\pathos\sources\codesrc\utils\hlcsg\release_x64\wadinclude.sbr
d:\sourcesdk\matrix_engine\pathos\sources\codesrc\utils\hlcsg\release_x64\wadpath.sbr
d:\sourcesdk\matrix_engine\pathos\sources\codesrc\utils\hlcsg\release_x64\wadpath.obj
d:\sourcesdk\matrix_engine\pathos\sources\codesrc\utils\hlcsg\release_x64\wadinclude.obj
d:\sourcesdk\matrix_engine\pathos\sources\codesrc\utils\hlcsg\release_x64\wadcfg.obj
d:\sourcesdk\matrix_engine\pathos\sources\codesrc\utils\hlcsg\release_x64\hlcsg.exe
d:\sourcesdk\matrix_engine\pathos\sources\codesrc\utils\hlcsg\release_x64\hlcsg.pdb
d:\sourcesdk\matrix_engine\pathos\sources\codesrc\utils\hlcsg\release_x64\hlcsg.tlog\bscmake.command.1.tlog
d:\sourcesdk\matrix_engine\pathos\sources\codesrc\utils\hlcsg\release_x64\hlcsg.tlog\bscmake.read.1.tlog
d:\sourcesdk\matrix_engine\pathos\sources\codesrc\utils\hlcsg\release_x64\hlcsg.tlog\bscmake.write.1.tlog
d:\sourcesdk\matrix_engine\pathos\sources\codesrc\utils\hlcsg\release_x64\hlcsg.tlog\cl.command.1.tlog
d:\sourcesdk\matrix_engine\pathos\sources\codesrc\utils\hlcsg\release_x64\hlcsg.tlog\cl.items.tlog
d:\sourcesdk\matrix_engine\pathos\sources\codesrc\utils\hlcsg\release_x64\hlcsg.tlog\cl.read.1.tlog
d:\sourcesdk\matrix_engine\pathos\sources\codesrc\utils\hlcsg\release_x64\hlcsg.tlog\cl.write.1.tlog
d:\sourcesdk\matrix_engine\pathos\sources\codesrc\utils\hlcsg\release_x64\hlcsg.tlog\link.command.1.tlog
d:\sourcesdk\matrix_engine\pathos\sources\codesrc\utils\hlcsg\release_x64\hlcsg.tlog\link.read.1.tlog
d:\sourcesdk\matrix_engine\pathos\sources\codesrc\utils\hlcsg\release_x64\hlcsg.tlog\link.secondary.1.tlog
d:\sourcesdk\matrix_engine\pathos\sources\codesrc\utils\hlcsg\release_x64\hlcsg.tlog\link.write.1.tlog
