  autofit.c
  ftdebug.c
  bdf.c
  cff.c
  ftbase.c
  ftbitmap.c
  ftcache.c
  ftfstype.c
  ftgasp.c
  ftglyph.c
  ftgzip.c
  ftinit.c
D:\sourcesdk\Matrix_Engine\pathos\sources\codesrc\libs\freetype\src\autofit\afglobal.c(179,34): warning C4389: '==': signed/unsigned mismatch
  (compiling source file '../../../src/autofit/autofit.c')
  
D:\sourcesdk\Matrix_Engine\pathos\sources\codesrc\libs\freetype\src\autofit\afglobal.c(141,32): warning C4245: 'initializing': conversion from 'int' to 'FT_UInt', signed/unsigned mismatch
  (compiling source file '../../../src/autofit/autofit.c')
  
D:\sourcesdk\Matrix_Engine\pathos\sources\codesrc\libs\freetype\src\autofit\afmodule.c(106,34): warning C4389: '==': signed/unsigned mismatch
  (compiling source file '../../../src/autofit/autofit.c')
  
  ftlzw.c
  ftstroke.c
  ftsystem.c
D:\sourcesdk\Matrix_Engine\pathos\sources\codesrc\libs\freetype\src\autofit\aflatin.c(604,1): warning C4701: potentially uninitialized local variable 'p_first' used
D:\sourcesdk\Matrix_Engine\pathos\sources\codesrc\libs\freetype\src\autofit\aflatin.c(653,1): warning C4701: potentially uninitialized local variable 'p_last' used
  smooth.c
  ftbbox.c
  ftmm.c
  ftpfr.c
  ftsynth.c
  fttype1.c
  ftwinfnt.c
  ftxf86.c
  ftlcdfil.c
  ftgxval.c
  ftotval.c
  ftpatent.c
  pcf.c
  pfr.c
  psaux.c
  pshinter.c
  psmodule.c
  raster.c
  sfnt.c
  truetype.c
  type1.c
  type1cid.c
  type42.c
  winfnt.c
D:\sourcesdk\Matrix_Engine\pathos\sources\codesrc\libs\freetype\src\truetype\ttgload.c(102,38): warning C4244: '=': conversion from 'FT_Pos' to 'FT_Short', possible loss of data
  (compiling source file '../../../src/truetype/truetype.c')
  
D:\sourcesdk\Matrix_Engine\pathos\sources\codesrc\libs\freetype\src\truetype\ttgload.c(108,40): warning C4244: '=': conversion from 'FT_Pos' to 'FT_Short', possible loss of data
  (compiling source file '../../../src/truetype/truetype.c')
  
D:\sourcesdk\Matrix_Engine\pathos\sources\codesrc\libs\freetype\src\sfnt\sfobjs.c(504,7): warning C4244: '=': conversion from 'FT_ULong' to 'FT_Byte', possible loss of data
  (compiling source file '../../../src/sfnt/sfnt.c')
  
D:\sourcesdk\Matrix_Engine\pathos\sources\codesrc\libs\freetype\src\sfnt\sfobjs.c(505,7): warning C4244: '=': conversion from 'int' to 'FT_Byte', possible loss of data
  (compiling source file '../../../src/sfnt/sfnt.c')
  
D:\sourcesdk\Matrix_Engine\pathos\sources\codesrc\libs\freetype\src\sfnt\sfobjs.c(506,7): warning C4244: '=': conversion from 'FT_UInt' to 'FT_Byte', possible loss of data
  (compiling source file '../../../src/sfnt/sfnt.c')
  
D:\sourcesdk\Matrix_Engine\pathos\sources\codesrc\libs\freetype\src\sfnt\sfobjs.c(507,7): warning C4244: '=': conversion from 'FT_UInt' to 'FT_Byte', possible loss of data
  (compiling source file '../../../src/sfnt/sfnt.c')
  
D:\sourcesdk\Matrix_Engine\pathos\sources\codesrc\libs\freetype\src\sfnt\sfobjs.c(508,7): warning C4244: '=': conversion from 'FT_UInt' to 'FT_Byte', possible loss of data
  (compiling source file '../../../src/sfnt/sfnt.c')
  
D:\sourcesdk\Matrix_Engine\pathos\sources\codesrc\libs\freetype\src\sfnt\sfobjs.c(645,7): warning C4244: '=': conversion from 'FT_ULong' to 'FT_Byte', possible loss of data
  (compiling source file '../../../src/sfnt/sfnt.c')
  
D:\sourcesdk\Matrix_Engine\pathos\sources\codesrc\libs\freetype\src\sfnt\sfobjs.c(646,7): warning C4244: '=': conversion from 'FT_ULong' to 'FT_Byte', possible loss of data
  (compiling source file '../../../src/sfnt/sfnt.c')
  
D:\sourcesdk\Matrix_Engine\pathos\sources\codesrc\libs\freetype\src\sfnt\sfobjs.c(647,7): warning C4244: '=': conversion from 'FT_ULong' to 'FT_Byte', possible loss of data
  (compiling source file '../../../src/sfnt/sfnt.c')
  
D:\sourcesdk\Matrix_Engine\pathos\sources\codesrc\libs\freetype\src\sfnt\sfobjs.c(648,7): warning C4244: '=': conversion from 'FT_ULong' to 'FT_Byte', possible loss of data
  (compiling source file '../../../src/sfnt/sfnt.c')
  
D:\sourcesdk\Matrix_Engine\pathos\sources\codesrc\libs\freetype\src\sfnt\ttsbit.c(291,27): warning C4244: '=': conversion from 'FT_UInt' to 'FT_UShort', possible loss of data
  (compiling source file '../../../src/sfnt/sfnt.c')
  
D:\sourcesdk\Matrix_Engine\pathos\sources\codesrc\libs\freetype\src\sfnt\ttsbit.c(292,27): warning C4244: '=': conversion from 'FT_UInt' to 'FT_UShort', possible loss of data
  (compiling source file '../../../src/sfnt/sfnt.c')
  
D:\sourcesdk\Matrix_Engine\pathos\sources\codesrc\libs\freetype\src\sfnt\ttsbit.c(803,45): warning C4244: 'initializing': conversion from 'FT_Short' to 'FT_Char', possible loss of data
  (compiling source file '../../../src/sfnt/sfnt.c')
  
D:\sourcesdk\Matrix_Engine\pathos\sources\codesrc\libs\freetype\src\sfnt\ttsbit.c(804,45): warning C4244: 'initializing': conversion from 'FT_Short' to 'FT_Char', possible loss of data
  (compiling source file '../../../src/sfnt/sfnt.c')
  
D:\sourcesdk\Matrix_Engine\pathos\sources\codesrc\libs\freetype\src\sfnt\ttsbit.c(805,45): warning C4244: 'initializing': conversion from 'FT_UShort' to 'FT_Byte', possible loss of data
  (compiling source file '../../../src/sfnt/sfnt.c')
  
D:\sourcesdk\Matrix_Engine\pathos\sources\codesrc\libs\freetype\src\sfnt\ttsbit.c(806,45): warning C4244: 'initializing': conversion from 'FT_Short' to 'FT_Char', possible loss of data
  (compiling source file '../../../src/sfnt/sfnt.c')
  
D:\sourcesdk\Matrix_Engine\pathos\sources\codesrc\libs\freetype\src\sfnt\ttsbit.c(807,45): warning C4244: 'initializing': conversion from 'FT_Short' to 'FT_Char', possible loss of data
  (compiling source file '../../../src/sfnt/sfnt.c')
  
D:\sourcesdk\Matrix_Engine\pathos\sources\codesrc\libs\freetype\src\sfnt\ttsbit.c(808,45): warning C4244: 'initializing': conversion from 'FT_UShort' to 'FT_Byte', possible loss of data
  (compiling source file '../../../src/sfnt/sfnt.c')
  
D:\sourcesdk\Matrix_Engine\pathos\sources\codesrc\libs\freetype\src\sfnt\ttsbit.c(1355,31): warning C4244: '=': conversion from 'FT_Int' to 'FT_Short', possible loss of data
  (compiling source file '../../../src/sfnt/sfnt.c')
  
D:\sourcesdk\Matrix_Engine\pathos\sources\codesrc\libs\freetype\src\sfnt\ttsbit.c(1356,46): warning C4244: '=': conversion from 'int' to 'FT_Short', possible loss of data
  (compiling source file '../../../src/sfnt/sfnt.c')
  
  freetype.vcxproj -> D:\sourcesdk\Matrix_Engine\pathos\sources\codesrc\x64\Release\freetype253.lib
