d:\sourcesdk\matrix_engine\pathos\sources\codesrc\utils\hlrad\release_x64\hlrad.bsc
d:\sourcesdk\matrix_engine\pathos\sources\codesrc\utils\hlrad\release_x64\vc143.pdb
d:\sourcesdk\matrix_engine\pathos\sources\codesrc\utils\hlrad\release_x64\blockmem.sbr
d:\sourcesdk\matrix_engine\pathos\sources\codesrc\utils\hlrad\release_x64\bspfile.sbr
d:\sourcesdk\matrix_engine\pathos\sources\codesrc\utils\hlrad\release_x64\cmdlib.sbr
d:\sourcesdk\matrix_engine\pathos\sources\codesrc\utils\hlrad\release_x64\cmdlinecfg.sbr
d:\sourcesdk\matrix_engine\pathos\sources\codesrc\utils\hlrad\release_x64\filelib.sbr
d:\sourcesdk\matrix_engine\pathos\sources\codesrc\utils\hlrad\release_x64\log.sbr
d:\sourcesdk\matrix_engine\pathos\sources\codesrc\utils\hlrad\release_x64\mathlib.sbr
d:\sourcesdk\matrix_engine\pathos\sources\codesrc\utils\hlrad\release_x64\messages.sbr
d:\sourcesdk\matrix_engine\pathos\sources\codesrc\utils\hlrad\release_x64\scriplib.sbr
d:\sourcesdk\matrix_engine\pathos\sources\codesrc\utils\hlrad\release_x64\threads.sbr
d:\sourcesdk\matrix_engine\pathos\sources\codesrc\utils\hlrad\release_x64\winding.sbr
d:\sourcesdk\matrix_engine\pathos\sources\codesrc\utils\hlrad\release_x64\compress.sbr
d:\sourcesdk\matrix_engine\pathos\sources\codesrc\utils\hlrad\release_x64\lerp.sbr
d:\sourcesdk\matrix_engine\pathos\sources\codesrc\utils\hlrad\release_x64\lightmap.sbr
d:\sourcesdk\matrix_engine\pathos\sources\codesrc\utils\hlrad\release_x64\loadtextures.sbr
d:\sourcesdk\matrix_engine\pathos\sources\codesrc\utils\hlrad\release_x64\mathutil.sbr
d:\sourcesdk\matrix_engine\pathos\sources\codesrc\utils\hlrad\release_x64\nomatrix.sbr
d:\sourcesdk\matrix_engine\pathos\sources\codesrc\utils\hlrad\release_x64\qrad.sbr
d:\sourcesdk\matrix_engine\pathos\sources\codesrc\utils\hlrad\release_x64\qradutil.sbr
d:\sourcesdk\matrix_engine\pathos\sources\codesrc\utils\hlrad\release_x64\sparse.sbr
d:\sourcesdk\matrix_engine\pathos\sources\codesrc\utils\hlrad\release_x64\sparse.obj
d:\sourcesdk\matrix_engine\pathos\sources\codesrc\utils\hlrad\release_x64\qradutil.obj
d:\sourcesdk\matrix_engine\pathos\sources\codesrc\utils\hlrad\release_x64\qrad.obj
d:\sourcesdk\matrix_engine\pathos\sources\codesrc\utils\hlrad\release_x64\nomatrix.obj
d:\sourcesdk\matrix_engine\pathos\sources\codesrc\utils\hlrad\release_x64\mathutil.obj
d:\sourcesdk\matrix_engine\pathos\sources\codesrc\utils\hlrad\release_x64\loadtextures.obj
d:\sourcesdk\matrix_engine\pathos\sources\codesrc\utils\hlrad\release_x64\lightmap.obj
d:\sourcesdk\matrix_engine\pathos\sources\codesrc\utils\hlrad\release_x64\lerp.obj
d:\sourcesdk\matrix_engine\pathos\sources\codesrc\utils\hlrad\release_x64\compress.obj
d:\sourcesdk\matrix_engine\pathos\sources\codesrc\utils\hlrad\release_x64\winding.obj
d:\sourcesdk\matrix_engine\pathos\sources\codesrc\utils\hlrad\release_x64\threads.obj
d:\sourcesdk\matrix_engine\pathos\sources\codesrc\utils\hlrad\release_x64\scriplib.obj
d:\sourcesdk\matrix_engine\pathos\sources\codesrc\utils\hlrad\release_x64\messages.obj
d:\sourcesdk\matrix_engine\pathos\sources\codesrc\utils\hlrad\release_x64\mathlib.obj
d:\sourcesdk\matrix_engine\pathos\sources\codesrc\utils\hlrad\release_x64\log.obj
d:\sourcesdk\matrix_engine\pathos\sources\codesrc\utils\hlrad\release_x64\filelib.obj
d:\sourcesdk\matrix_engine\pathos\sources\codesrc\utils\hlrad\release_x64\cmdlinecfg.obj
d:\sourcesdk\matrix_engine\pathos\sources\codesrc\utils\hlrad\release_x64\cmdlib.obj
d:\sourcesdk\matrix_engine\pathos\sources\codesrc\utils\hlrad\release_x64\bspfile.obj
d:\sourcesdk\matrix_engine\pathos\sources\codesrc\utils\hlrad\release_x64\blockmem.obj
d:\sourcesdk\matrix_engine\pathos\sources\codesrc\utils\hlrad\release_x64\trace.sbr
d:\sourcesdk\matrix_engine\pathos\sources\codesrc\utils\hlrad\release_x64\transfers.sbr
d:\sourcesdk\matrix_engine\pathos\sources\codesrc\utils\hlrad\release_x64\transparency.sbr
d:\sourcesdk\matrix_engine\pathos\sources\codesrc\utils\hlrad\release_x64\vismatrix.sbr
d:\sourcesdk\matrix_engine\pathos\sources\codesrc\utils\hlrad\release_x64\vismatrixutil.sbr
d:\sourcesdk\matrix_engine\pathos\sources\codesrc\utils\hlrad\release_x64\vismatrixutil.obj
d:\sourcesdk\matrix_engine\pathos\sources\codesrc\utils\hlrad\release_x64\vismatrix.obj
d:\sourcesdk\matrix_engine\pathos\sources\codesrc\utils\hlrad\release_x64\transparency.obj
d:\sourcesdk\matrix_engine\pathos\sources\codesrc\utils\hlrad\release_x64\transfers.obj
d:\sourcesdk\matrix_engine\pathos\sources\codesrc\utils\hlrad\release_x64\trace.obj
d:\sourcesdk\matrix_engine\pathos\sources\codesrc\utils\hlrad\release_x64\hlrad.exe
d:\sourcesdk\matrix_engine\pathos\sources\codesrc\utils\hlrad\release_x64\hlrad.pdb
d:\sourcesdk\matrix_engine\pathos\sources\codesrc\utils\hlrad\release_x64\hlrad.tlog\bscmake.command.1.tlog
d:\sourcesdk\matrix_engine\pathos\sources\codesrc\utils\hlrad\release_x64\hlrad.tlog\bscmake.read.1.tlog
d:\sourcesdk\matrix_engine\pathos\sources\codesrc\utils\hlrad\release_x64\hlrad.tlog\bscmake.write.1.tlog
d:\sourcesdk\matrix_engine\pathos\sources\codesrc\utils\hlrad\release_x64\hlrad.tlog\cl.command.1.tlog
d:\sourcesdk\matrix_engine\pathos\sources\codesrc\utils\hlrad\release_x64\hlrad.tlog\cl.items.tlog
d:\sourcesdk\matrix_engine\pathos\sources\codesrc\utils\hlrad\release_x64\hlrad.tlog\cl.read.1.tlog
d:\sourcesdk\matrix_engine\pathos\sources\codesrc\utils\hlrad\release_x64\hlrad.tlog\cl.write.1.tlog
d:\sourcesdk\matrix_engine\pathos\sources\codesrc\utils\hlrad\release_x64\hlrad.tlog\link.command.1.tlog
d:\sourcesdk\matrix_engine\pathos\sources\codesrc\utils\hlrad\release_x64\hlrad.tlog\link.read.1.tlog
d:\sourcesdk\matrix_engine\pathos\sources\codesrc\utils\hlrad\release_x64\hlrad.tlog\link.secondary.1.tlog
d:\sourcesdk\matrix_engine\pathos\sources\codesrc\utils\hlrad\release_x64\hlrad.tlog\link.write.1.tlog
