  cbitset.cpp
  cbuffer.cpp
  common.cpp
  cstring.cpp
  dds.cpp
  logfile.cpp
  matrix.cpp
  md5.cpp
  ogg_common.cpp
  r_common.cpp
  tga.cpp
  cvar.cpp
  decallist.cpp
  flexmanager.cpp
  frustum.cpp
  r_basicdraw.cpp
  r_glextf.cpp
  r_glsl.cpp
  r_vbo.cpp
  sentencesfile.cpp
  Compiling...
  stepsound.cpp
  texturemanager.cpp
  vbm_shared.cpp
  uielements.cpp
  ald.cpp
  bmp.cpp
  brushmodel.cpp
  bspv30.cpp
  cl_cmd.cpp
  cl_efx.cpp
  cl_main.cpp
  cl_msg.cpp
  cl_pmove.cpp
  cl_predict.cpp
  cl_resource.cpp
  cl_snd.cpp
  cl_tempentities.cpp
  cl_utils.cpp
  commands.cpp
  config.cpp
  Compiling...
  console.cpp
  dllexports.cpp
  edictmanager.cpp
  enginefuncs.cpp
  file.cpp
  filewriterthread.cpp
  input.cpp
  main.cpp
  modelcache.cpp
  net_mp.cpp
  net_sp.cpp
  networking.cpp
  pbspv1.cpp
  r_beams.cpp
  r_blackhole.cpp
  r_bsp.cpp
  r_cables.cpp
  r_cubemaps.cpp
  r_decals.cpp
  r_dlights.cpp
  Compiling...
  r_fbocache.cpp
  r_glowaura.cpp
  r_glqueries.cpp
  r_interfacefuncs.cpp
  r_legacyparticles.cpp
  r_lensflare.cpp
  r_main.cpp
  r_menu.cpp
  r_menuparticles.cpp
  r_mirror.cpp
  r_monitor.cpp
  r_nsmoothing.cpp
  r_particles.cpp
  r_portals.cpp
  r_postprocess.cpp
  r_rttcache.cpp
  r_sky.cpp
  r_sprites.cpp
  r_text.cpp
  r_vbm.cpp
  Compiling...
  r_wadtextures.cpp
  r_water.cpp
  saverestore.cpp
  sv_entities.cpp
  sv_main.cpp
  sv_msg.cpp
  sv_physics.cpp
  sv_world.cpp
  sprite.cpp
  sv_move.cpp
  sys_cmd.cpp
  sys_misc.cpp
  system.cpp
  textschemas.cpp
  trace_shared.cpp
  uimanager.cpp
  usermsg.cpp
  vbmtrace.cpp
  vid.cpp
  window.cpp
  Compiling...
  uiconsolewindow.cpp
  uidownloadwindow.cpp
  uiexitwindow.cpp
  uinewgamewindow.cpp
  uisaveloadwindow.cpp
  uisettingswindow.cpp
     Creating library D:\sourcesdk\Matrix_Engine\pathos\sources\codesrc\x64\Release\pathos_x64.lib and object D:\sourcesdk\Matrix_Engine\pathos\sources\codesrc\x64\Release\pathos_x64.exp
  Generating code
  Not all modules are compiled with -Gy (function comdat), build without incremental LTCG.
  Finished generating code
detours.lib(modules.obj) : warning LNK4099: PDB '' was not found with 'detours.lib(modules.obj)' or at ''; linking object as if no debug info
detours.lib(detours.obj) : warning LNK4099: PDB '' was not found with 'detours.lib(detours.obj)' or at ''; linking object as if no debug info
detours.lib(disasm.obj) : warning LNK4099: PDB '' was not found with 'detours.lib(disasm.obj)' or at ''; linking object as if no debug info
  pathos-engine.vcxproj -> D:\sourcesdk\Matrix_Engine\pathos\sources\codesrc\x64\Release\pathos_x64.exe
  Copy pathos_x64.exe to working directory
          1 file(s) copied.
