  common.cpp
  crc32.cpp
  cstring.cpp
  logfile.cpp
  decallist.cpp
  flexmanager.cpp
  playermove.cpp
  sentencesfile.cpp
  stepsound.cpp
  vbm_shared.cpp
  weapons_shared.cpp
  ai_basenpc.cpp
  ai_common.cpp
  ai_militianpc.cpp
  ai_nodegraph.cpp
  ai_patrolnpc.cpp
  ai_schedule.cpp
  ai_schedules.cpp
  ai_sounds.cpp
  ai_squadnpc.cpp
  Compiling...
  ai_talknpc.cpp
  ai_tasks.cpp
  ai_wandernpc.cpp
  aiflagtoggler.cpp
  aisetenemy.cpp
  aisetfollowtarget.cpp
  aisettriggercondition.cpp
  aiwandercontroller.cpp
  ambientgeneric.cpp
  ambientoggstream.cpp
  ammoglockclip.cpp
  animatingentity.cpp
  baseentity.cpp
  beam.cpp
  cplane.cpp
  delayentity.cpp
  doorstatestack.cpp
  ehandle.cpp
  entities.cpp
  envbeam.cpp
  Compiling...
  envbeamfollow.cpp
  envbeamfx.cpp
  envbeverage.cpp
  envblackhole.cpp
  envblood.cpp
  envblur.cpp
  envbubbles.cpp
  envcable.cpp
  envcubemap.cpp
  envdecal.cpp
  envdlight.cpp
  envdlighttrain.cpp
  envdustpuff.cpp
  envearthquake.cpp
  envelight.cpp
  envelighttrain.cpp
  envexplosion.cpp
  envfade.cpp
  envfog.cpp
  envfunnel.cpp
  Compiling...
  envglobal.cpp
  envglow.cpp
  envladder.cpp
  envlaser.cpp
  envlensflare.cpp
  envlightning.cpp
  envmessage.cpp
  envmodel.cpp
  envmodelbreakable.cpp
  envmodeltrain.cpp
  envparticleeffect.cpp
  envparticlesystem.cpp
  envposportal.cpp
  envposportalworld.cpp
  envpossky.cpp
  envposworld.cpp
  envrender.cpp
  envroomtype.cpp
  envrotlight.cpp
  envsetangles.cpp
  Compiling...
  envsetbody.cpp
  envsetbodygroup.cpp
  envsetsequence.cpp
  envsetskin.cpp
  envsetskytexture.cpp
  envshake.cpp
  envshooter.cpp
  envspark.cpp
  envspecialfog.cpp
  envspotlight.cpp
  envsprite.cpp
  envspritetrain.cpp
  envsun.cpp
  envsyncanimation.cpp
  funcbikeblock.cpp
  funcbreakable.cpp
  funcbutton.cpp
  funcclipeconomy.cpp
  funcconveyor.cpp
  funcdoor.cpp
  Compiling...
  funcdoorrotating.cpp
  funcfade.cpp
  funcfriction.cpp
  funcillusionary.cpp
  funcladder.cpp
  funcmirror.cpp
  funcmonitor.cpp
  funcnpcclip.cpp
  funcnull.cpp
  funcpendulum.cpp
  funcplat.cpp
  funcplatrot.cpp
  funcportalsurface.cpp
  funcpushable.cpp
  funcrotating.cpp
  funcrotbutton.cpp
  funcslippery.cpp
  functrackautochange.cpp
  functrackautochangerc.cpp
  functrackchange.cpp
  Compiling...
  functracktrain.cpp
  functrain.cpp
  functraincontrols.cpp
  functraincopy.cpp
  funcwall.cpp
  funcwalltoggle.cpp
  funcwater.cpp
  game.cpp
  gamedialouge.cpp
  gamedll.cpp
  gameobjective.cpp
  gameradio.cpp
  gamesetdaystage.cpp
  gametext.cpp
  gametimer.cpp
  gametitle.cpp
  gib.cpp
  gibshooter.cpp
  globalstate.cpp
  grenade.cpp
  Compiling...
  infolandmark.cpp
  infolightorigin.cpp
  infomonitorcamera.cpp
  infonode.cpp
  infonodeair.cpp
  infonull.cpp
  infoplayerdeathmatch.cpp
  infoplayerstart.cpp
  infotarget.cpp
  infoteleportdestination.cpp
  infovismark.cpp
  itemdiary.cpp
  itemglockflashlight.cpp
  itemglocksilencer.cpp
  itemhealthkit.cpp
  itemkevlar.cpp
  itemmotorbike.cpp
  itemsecurity.cpp
  itemshoulderlight.cpp
  itemsodacan.cpp
  Compiling...
  itemtaperecorder.cpp
  light.cpp
  lightenvironment.cpp
  lightspot.cpp
  materialdefs.cpp
  multidamage.cpp
  multimanager.cpp
  multisource.cpp
  nightlight.cpp
  nightlightspot.cpp
  nodeignorelist.cpp
  nodequeue.cpp
  nodestack.cpp
  nodeviewer.cpp
  npcclonesoldier.cpp
  npcgeneric.cpp
  npcmaker.cpp
  npcsecurity.cpp
  npcsecuritydead.cpp
  npctesthull.cpp
  Compiling...
  nullentity.cpp
  pathcorner.cpp
  pathtrack.cpp
  plattrainentity.cpp
  plattrigger.cpp
  player.cpp
  playerammo.cpp
  playerdualweapon.cpp
  playeritem.cpp
  playerloadsaved.cpp
  playerweapon.cpp
  playerweaponstrip.cpp
  pointentity.cpp
  prioritynodequeue.cpp
  scriptedsentence.cpp
  scriptedsequence.cpp
  skilldata.cpp
  skytexturesets.cpp
  sparkshower.cpp
  statestack.cpp
  Compiling...
  timedamage.cpp
  toggleentity.cpp
  triggerauto.cpp
  triggerautosave.cpp
  triggercamera.cpp
  triggercameramodel.cpp
  triggerchance.cpp
  triggerchangelevel.cpp
  triggerchangetarget.cpp
  triggercoderegister.cpp
  triggercounter.cpp
  triggercounterp.cpp
  triggerendgame.cpp
  triggerentity.cpp
  triggerforceclose.cpp
  triggerforceholster.cpp
  triggerglobaldelayed.cpp
  triggergravity.cpp
  triggerhurt.cpp
  triggerkeypad.cpp
  Compiling...
  triggerkillplayer.cpp
  triggerlogin.cpp
  triggerlookat.cpp
  triggermove.cpp
  triggermovetrain.cpp
  triggermultiple.cpp
  triggernpcpull.cpp
  triggeronce.cpp
  triggerparalyzeplayer.cpp
  triggerpush.cpp
  triggerrelay.cpp
  triggerrelaybinary.cpp
  triggerrepeat.cpp
  triggersaveweapons.cpp
  triggersetsavetitle.cpp
  triggerslowmove.cpp
  triggersound.cpp
  triggerspeedup.cpp
  triggersubwaycontroller.cpp
  triggersubwayflagger.cpp
  Compiling...
  triggerteleport.cpp
  triggertextwindow.cpp
  triggertoggletarget.cpp
  triggertransition.cpp
  triggervacuum.cpp
  triggerzoom.cpp
  usermsgs.cpp
  util.cpp
  vbmutils.cpp
  weaponglock.cpp
  weaponhandgrenade.cpp
  weaponknife.cpp
  worldspawn.cpp
     Creating library D:\sourcesdk\Matrix_Engine\pathos\sources\codesrc\x64\Release\game_x64.lib and object D:\sourcesdk\Matrix_Engine\pathos\sources\codesrc\x64\Release\game_x64.exp
  Generating code
  13 of 10243 functions ( 0.1%) were compiled, the rest were copied from previous compilation.
    0 functions were new in current compilation
    21 functions had inline decision re-evaluated but remain unchanged
  Finished generating code
  gamedll.vcxproj -> D:\sourcesdk\Matrix_Engine\pathos\sources\codesrc\x64\Release\game_x64.dll
  Copy game_x64.dll to dlls dir
          1 file(s) copied.
