  analysis.c
  bitrate.c
  block.c
D:\sourcesdk\Matrix_Engine\pathos\sources\codesrc\libs\libvorbis\lib\block.c(256,9): warning C4456: declaration of 'i' hides previous local declaration
  D:\sourcesdk\Matrix_Engine\pathos\sources\codesrc\libs\libvorbis\lib\block.c(172,7):
  see declaration of 'i'
  
D:\sourcesdk\Matrix_Engine\pathos\sources\codesrc\libs\libvorbis\lib\block.c(1029,9): warning C4456: declaration of 'i' hides previous local declaration
  D:\sourcesdk\Matrix_Engine\pathos\sources\codesrc\libs\libvorbis\lib\block.c(972,7):
  see declaration of 'i'
  
  codebook.c
  envelope.c
  floor0.c
  floor1.c
D:\sourcesdk\Matrix_Engine\pathos\sources\codesrc\libs\libvorbis\lib\floor1.c(497,14): warning C4457: declaration of 'a' hides function parameter
  D:\sourcesdk\Matrix_Engine\pathos\sources\codesrc\libs\libvorbis\lib\floor1.c(457,32):
  see declaration of 'a'
  
D:\sourcesdk\Matrix_Engine\pathos\sources\codesrc\libs\libvorbis\lib\floor1.c(714,11): warning C4456: declaration of 'y0' hides previous local declaration
  D:\sourcesdk\Matrix_Engine\pathos\sources\codesrc\libs\libvorbis\lib\floor1.c(613,9):
  see declaration of 'y0'
  
D:\sourcesdk\Matrix_Engine\pathos\sources\codesrc\libs\libvorbis\lib\floor1.c(715,11): warning C4456: declaration of 'y1' hides previous local declaration
  D:\sourcesdk\Matrix_Engine\pathos\sources\codesrc\libs\libvorbis\lib\floor1.c(614,9):
  see declaration of 'y1'
  
  info.c
D:\sourcesdk\Matrix_Engine\pathos\sources\codesrc\libs\libvorbis\lib\info.c(62,3): warning C4996: 'strcpy': This function or variable may be unsafe. Consider using strcpy_s instead. To disable deprecation, use _CRT_SECURE_NO_WARNINGS. See online help for details.
D:\sourcesdk\Matrix_Engine\pathos\sources\codesrc\libs\libvorbis\lib\info.c(69,3): warning C4996: 'strcpy': This function or variable may be unsafe. Consider using strcpy_s instead. To disable deprecation, use _CRT_SECURE_NO_WARNINGS. See online help for details.
D:\sourcesdk\Matrix_Engine\pathos\sources\codesrc\libs\libvorbis\lib\info.c(70,3): warning C4996: 'strcat': This function or variable may be unsafe. Consider using strcat_s instead. To disable deprecation, use _CRT_SECURE_NO_WARNINGS. See online help for details.
D:\sourcesdk\Matrix_Engine\pathos\sources\codesrc\libs\libvorbis\lib\info.c(71,3): warning C4996: 'strcat': This function or variable may be unsafe. Consider using strcat_s instead. To disable deprecation, use _CRT_SECURE_NO_WARNINGS. See online help for details.
D:\sourcesdk\Matrix_Engine\pathos\sources\codesrc\libs\libvorbis\lib\info.c(93,3): warning C4996: 'strcpy': This function or variable may be unsafe. Consider using strcpy_s instead. To disable deprecation, use _CRT_SECURE_NO_WARNINGS. See online help for details.
D:\sourcesdk\Matrix_Engine\pathos\sources\codesrc\libs\libvorbis\lib\info.c(94,3): warning C4996: 'strcat': This function or variable may be unsafe. Consider using strcat_s instead. To disable deprecation, use _CRT_SECURE_NO_WARNINGS. See online help for details.
D:\sourcesdk\Matrix_Engine\pathos\sources\codesrc\libs\libvorbis\lib\info.c(112,3): warning C4996: 'strcpy': This function or variable may be unsafe. Consider using strcpy_s instead. To disable deprecation, use _CRT_SECURE_NO_WARNINGS. See online help for details.
D:\sourcesdk\Matrix_Engine\pathos\sources\codesrc\libs\libvorbis\lib\info.c(113,3): warning C4996: 'strcat': This function or variable may be unsafe. Consider using strcat_s instead. To disable deprecation, use _CRT_SECURE_NO_WARNINGS. See online help for details.
  lookup.c
  lpc.c
  lsp.c
  mapping0.c
  mdct.c
D:\sourcesdk\Matrix_Engine\pathos\sources\codesrc\libs\libvorbis\lib\mdct.c(79,31): warning C4456: declaration of 'i' hides previous local declaration
  D:\sourcesdk\Matrix_Engine\pathos\sources\codesrc\libs\libvorbis\lib\mdct.c(56,7):
  see declaration of 'i'
  
D:\sourcesdk\Matrix_Engine\pathos\sources\codesrc\libs\libvorbis\lib\mdct.c(440,16): warning C4456: declaration of 'iX' hides previous local declaration
  D:\sourcesdk\Matrix_Engine\pathos\sources\codesrc\libs\libvorbis\lib\mdct.c(404,14):
  see declaration of 'iX'
  
  psy.c
D:\sourcesdk\Matrix_Engine\pathos\sources\codesrc\libs\libvorbis\lib\psy.c(239,13): warning C4456: declaration of 'bin' hides previous local declaration
  D:\sourcesdk\Matrix_Engine\pathos\sources\codesrc\libs\libvorbis\lib\psy.c(160,27):
  see declaration of 'bin'
  
  registry.c
  res0.c
  sharedbook.c
  smallft.c
  synthesis.c
  vorbisenc.c
  Compiling...
  window.c
  libvorbis_static.vcxproj -> D:\sourcesdk\Matrix_Engine\pathos\sources\codesrc\x64\Release\libvorbis_static.lib
