  vorbisfile.c
D:\sourcesdk\Matrix_Engine\pathos\sources\codesrc\libs\libvorbis\lib\vorbisfile.c(72,30): warning C4267: 'initializing': conversion from 'size_t' to 'long', possible loss of data
D:\sourcesdk\Matrix_Engine\pathos\sources\codesrc\libs\libvorbis\lib\vorbisfile.c(259,30): warning C4244: 'function': conversion from 'ogg_int64_t' to 'long', possible loss of data
D:\sourcesdk\Matrix_Engine\pathos\sources\codesrc\libs\libvorbis\lib\vorbisfile.c(273,15): warning C4244: '=': conversion from 'ogg_int64_t' to 'int', possible loss of data
D:\sourcesdk\Matrix_Engine\pathos\sources\codesrc\libs\libvorbis\lib\vorbisfile.c(545,21): warning C4244: 'return': conversion from 'ogg_int64_t' to 'int', possible loss of data
D:\sourcesdk\Matrix_Engine\pathos\sources\codesrc\libs\libvorbis\lib\vorbisfile.c(566,19): warning C4244: 'return': conversion from 'ogg_int64_t' to 'int', possible loss of data
D:\sourcesdk\Matrix_Engine\pathos\sources\codesrc\libs\libvorbis\lib\vorbisfile.c(569,19): warning C4244: 'return': conversion from 'ogg_int64_t' to 'int', possible loss of data
D:\sourcesdk\Matrix_Engine\pathos\sources\codesrc\libs\libvorbis\lib\vorbisfile.c(579,19): warning C4244: 'return': conversion from 'ogg_int64_t' to 'int', possible loss of data
D:\sourcesdk\Matrix_Engine\pathos\sources\codesrc\libs\libvorbis\lib\vorbisfile.c(641,19): warning C4244: 'return': conversion from 'ogg_int64_t' to 'int', possible loss of data
D:\sourcesdk\Matrix_Engine\pathos\sources\codesrc\libs\libvorbis\lib\vorbisfile.c(874,18): warning C4244: 'function': conversion from 'ogg_int64_t' to 'long', possible loss of data
D:\sourcesdk\Matrix_Engine\pathos\sources\codesrc\libs\libvorbis\lib\vorbisfile.c(1118,14): warning C4244: '=': conversion from 'double' to 'float', possible loss of data
D:\sourcesdk\Matrix_Engine\pathos\sources\codesrc\libs\libvorbis\lib\vorbisfile.c(1119,11): warning C4244: 'return': conversion from 'double' to 'long', possible loss of data
D:\sourcesdk\Matrix_Engine\pathos\sources\codesrc\libs\libvorbis\lib\vorbisfile.c(1123,13): warning C4244: 'return': conversion from 'double' to 'long', possible loss of data
D:\sourcesdk\Matrix_Engine\pathos\sources\codesrc\libs\libvorbis\lib\vorbisfile.c(1151,51): warning C4244: '=': conversion from 'double' to 'long', possible loss of data
D:\sourcesdk\Matrix_Engine\pathos\sources\codesrc\libs\libvorbis\lib\vorbisfile.c(1764,33): warning C4244: '=': conversion from 'ogg_int64_t' to 'long', possible loss of data
D:\sourcesdk\Matrix_Engine\pathos\sources\codesrc\libs\libvorbis\lib\vorbisfile.c(1801,33): warning C4244: 'initializing': conversion from 'double' to 'ogg_int64_t', possible loss of data
D:\sourcesdk\Matrix_Engine\pathos\sources\codesrc\libs\libvorbis\lib\vorbisfile.c(1831,33): warning C4244: 'initializing': conversion from 'double' to 'ogg_int64_t', possible loss of data
D:\sourcesdk\Matrix_Engine\pathos\sources\codesrc\libs\libvorbis\lib\vorbisfile.c(2167,18): warning C4244: 'initializing': conversion from 'double' to 'float', possible loss of data
D:\vs2022\MSBuild\Microsoft\VC\v170\Microsoft.CppBuild.targets(1554,5): warning MSB8012: TargetPath(D:\sourcesdk\Matrix_Engine\pathos\sources\codesrc\x64\Release\libvorbisfile.lib) does not match the Library's OutputFile property value (D:\sourcesdk\Matrix_Engine\pathos\sources\codesrc\x64\Release\libvorbisfile_static.lib). This may cause your project to build incorrectly. To correct this, please make sure that $(OutDir), $(TargetName) and $(TargetExt) property values match the value specified in %(Lib.OutputFile).
D:\vs2022\MSBuild\Microsoft\VC\v170\Microsoft.CppBuild.targets(1556,5): warning MSB8012: TargetName(libvorbisfile) does not match the Library's OutputFile property value (libvorbisfile_static). This may cause your project to build incorrectly. To correct this, please make sure that $(OutDir), $(TargetName) and $(TargetExt) property values match the value specified in %(Lib.OutputFile).
  libvorbisfile_static.vcxproj -> D:\sourcesdk\Matrix_Engine\pathos\sources\codesrc\x64\Release\libvorbisfile.lib
