  cbuffer.cpp
  common.cpp
  cstring.cpp
  dds.cpp
  matrix.cpp
  md5.cpp
  r_common.cpp
  tga.cpp
  flexmanager.cpp
  r_basicdraw.cpp
  r_glextf.cpp
  r_glsl.cpp
  r_vbo.cpp
  stepsound.cpp
  texturemanager.cpp
  vbm_shared.cpp
  main.cpp
  optionswindow.cpp
  compilerwindow.cpp
  config.cpp
  Generating Code...
  Compiling...
  controlpanel.cpp
  fileassociation.cpp
  glwindow.cpp
  mdlviewer.cpp
  r_vbmbasic.cpp
  file.cpp
  viewerstate.cpp
  folderviewer.cpp
  Generating Code...
LINK : fatal error LNK1181: cannot open input file 'mxtk.lib'
