d:\sourcesdk\matrix_engine\pathos\sources\codesrc\utils\hlbsp\release_x64\hlbsp.bsc
d:\sourcesdk\matrix_engine\pathos\sources\codesrc\utils\hlbsp\release_x64\vc143.pdb
d:\sourcesdk\matrix_engine\pathos\sources\codesrc\utils\hlbsp\release_x64\blockmem.sbr
d:\sourcesdk\matrix_engine\pathos\sources\codesrc\utils\hlbsp\release_x64\bspfile.sbr
d:\sourcesdk\matrix_engine\pathos\sources\codesrc\utils\hlbsp\release_x64\cmdlib.sbr
d:\sourcesdk\matrix_engine\pathos\sources\codesrc\utils\hlbsp\release_x64\cmdlinecfg.sbr
d:\sourcesdk\matrix_engine\pathos\sources\codesrc\utils\hlbsp\release_x64\filelib.sbr
d:\sourcesdk\matrix_engine\pathos\sources\codesrc\utils\hlbsp\release_x64\log.sbr
d:\sourcesdk\matrix_engine\pathos\sources\codesrc\utils\hlbsp\release_x64\mathlib.sbr
d:\sourcesdk\matrix_engine\pathos\sources\codesrc\utils\hlbsp\release_x64\messages.sbr
d:\sourcesdk\matrix_engine\pathos\sources\codesrc\utils\hlbsp\release_x64\scriplib.sbr
d:\sourcesdk\matrix_engine\pathos\sources\codesrc\utils\hlbsp\release_x64\threads.sbr
d:\sourcesdk\matrix_engine\pathos\sources\codesrc\utils\hlbsp\release_x64\winding.sbr
d:\sourcesdk\matrix_engine\pathos\sources\codesrc\utils\hlbsp\release_x64\brink.sbr
d:\sourcesdk\matrix_engine\pathos\sources\codesrc\utils\hlbsp\release_x64\merge.sbr
d:\sourcesdk\matrix_engine\pathos\sources\codesrc\utils\hlbsp\release_x64\outside.sbr
d:\sourcesdk\matrix_engine\pathos\sources\codesrc\utils\hlbsp\release_x64\portals.sbr
d:\sourcesdk\matrix_engine\pathos\sources\codesrc\utils\hlbsp\release_x64\qbsp.sbr
d:\sourcesdk\matrix_engine\pathos\sources\codesrc\utils\hlbsp\release_x64\solidbsp.sbr
d:\sourcesdk\matrix_engine\pathos\sources\codesrc\utils\hlbsp\release_x64\surfaces.sbr
d:\sourcesdk\matrix_engine\pathos\sources\codesrc\utils\hlbsp\release_x64\tjunc.sbr
d:\sourcesdk\matrix_engine\pathos\sources\codesrc\utils\hlbsp\release_x64\writebsp.sbr
d:\sourcesdk\matrix_engine\pathos\sources\codesrc\utils\hlbsp\release_x64\writebsp.obj
d:\sourcesdk\matrix_engine\pathos\sources\codesrc\utils\hlbsp\release_x64\tjunc.obj
d:\sourcesdk\matrix_engine\pathos\sources\codesrc\utils\hlbsp\release_x64\surfaces.obj
d:\sourcesdk\matrix_engine\pathos\sources\codesrc\utils\hlbsp\release_x64\solidbsp.obj
d:\sourcesdk\matrix_engine\pathos\sources\codesrc\utils\hlbsp\release_x64\qbsp.obj
d:\sourcesdk\matrix_engine\pathos\sources\codesrc\utils\hlbsp\release_x64\portals.obj
d:\sourcesdk\matrix_engine\pathos\sources\codesrc\utils\hlbsp\release_x64\outside.obj
d:\sourcesdk\matrix_engine\pathos\sources\codesrc\utils\hlbsp\release_x64\merge.obj
d:\sourcesdk\matrix_engine\pathos\sources\codesrc\utils\hlbsp\release_x64\brink.obj
d:\sourcesdk\matrix_engine\pathos\sources\codesrc\utils\hlbsp\release_x64\winding.obj
d:\sourcesdk\matrix_engine\pathos\sources\codesrc\utils\hlbsp\release_x64\threads.obj
d:\sourcesdk\matrix_engine\pathos\sources\codesrc\utils\hlbsp\release_x64\scriplib.obj
d:\sourcesdk\matrix_engine\pathos\sources\codesrc\utils\hlbsp\release_x64\messages.obj
d:\sourcesdk\matrix_engine\pathos\sources\codesrc\utils\hlbsp\release_x64\mathlib.obj
d:\sourcesdk\matrix_engine\pathos\sources\codesrc\utils\hlbsp\release_x64\log.obj
d:\sourcesdk\matrix_engine\pathos\sources\codesrc\utils\hlbsp\release_x64\filelib.obj
d:\sourcesdk\matrix_engine\pathos\sources\codesrc\utils\hlbsp\release_x64\cmdlinecfg.obj
d:\sourcesdk\matrix_engine\pathos\sources\codesrc\utils\hlbsp\release_x64\cmdlib.obj
d:\sourcesdk\matrix_engine\pathos\sources\codesrc\utils\hlbsp\release_x64\bspfile.obj
d:\sourcesdk\matrix_engine\pathos\sources\codesrc\utils\hlbsp\release_x64\blockmem.obj
d:\sourcesdk\matrix_engine\pathos\sources\codesrc\utils\hlbsp\release_x64\hlbsp.exe
d:\sourcesdk\matrix_engine\pathos\sources\codesrc\utils\hlbsp\release_x64\hlbsp.pdb
d:\sourcesdk\matrix_engine\pathos\sources\codesrc\utils\hlbsp\release_x64\hlbsp.tlog\bscmake.command.1.tlog
d:\sourcesdk\matrix_engine\pathos\sources\codesrc\utils\hlbsp\release_x64\hlbsp.tlog\bscmake.read.1.tlog
d:\sourcesdk\matrix_engine\pathos\sources\codesrc\utils\hlbsp\release_x64\hlbsp.tlog\bscmake.write.1.tlog
d:\sourcesdk\matrix_engine\pathos\sources\codesrc\utils\hlbsp\release_x64\hlbsp.tlog\cl.command.1.tlog
d:\sourcesdk\matrix_engine\pathos\sources\codesrc\utils\hlbsp\release_x64\hlbsp.tlog\cl.items.tlog
d:\sourcesdk\matrix_engine\pathos\sources\codesrc\utils\hlbsp\release_x64\hlbsp.tlog\cl.read.1.tlog
d:\sourcesdk\matrix_engine\pathos\sources\codesrc\utils\hlbsp\release_x64\hlbsp.tlog\cl.write.1.tlog
d:\sourcesdk\matrix_engine\pathos\sources\codesrc\utils\hlbsp\release_x64\hlbsp.tlog\link.command.1.tlog
d:\sourcesdk\matrix_engine\pathos\sources\codesrc\utils\hlbsp\release_x64\hlbsp.tlog\link.read.1.tlog
d:\sourcesdk\matrix_engine\pathos\sources\codesrc\utils\hlbsp\release_x64\hlbsp.tlog\link.secondary.1.tlog
d:\sourcesdk\matrix_engine\pathos\sources\codesrc\utils\hlbsp\release_x64\hlbsp.tlog\link.write.1.tlog
